<?xml version="1.0" encoding="utf-8"?><testsuites name="pytest tests"><testsuite name="pytest" errors="0" failures="0" skipped="0" tests="15" time="2.193" timestamp="2026-09-12T08:40:17.039352+00:00" hostname="agent-env-ed4df3d4-ae97-43b1-a5a1-aa26da6ce729"><testcase classname="tests.backend_test.TestTeacher" name="test_get_teacher_has_photo_path" time="0.310" /><testcase classname="tests.backend_test.TestTeacher" name="test_update_teacher" time="0.129" /><testcase classname="tests.backend_test.TestAttendance" name="test_post_invalid_status" time="0.495" /><testcase classname="tests.backend_test.TestAttendance" name="test_post_invalid_date" time="0.061" /><testcase classname="tests.backend_test.TestAttendance" name="test_upsert_attendance" time="0.171" /><testcase classname="tests.backend_test.TestStudents" name="test_list_students" time="0.285" /><testcase classname="tests.backend_test.TestStudents" name="test_invalid_kelas" time="0.060" /><testcase classname="tests.backend_test.TestAttendance" name="test_filter_by_kelas_tanggal" time="0.304" /><testcase classname="tests.backend_test.TestTeacherPhoto" name="test_reject_non_image" time="0.064" /><testcase classname="tests.backend_test.TestTeacherPhoto" name="test_upload_serve_delete" time="0.601" /><testcase classname="tests.backend_test.TestAttendance" name="test_summary" time="0.064" /><testcase classname="tests.backend_test.TestAttendance" name="test_delete_student_cascades_attendance" time="0.311" /><testcase classname="tests.backend_test.TestStats" name="test_stats" time="0.297" /><testcase classname="tests.backend_test.TestCategories" name="test_defaults_seeded" time="0.061" /><testcase classname="tests.backend_test.TestGrades" name="test_upsert_grade" time="0.380" /></testsuite></testsuites>