<?xml version="1.0" encoding="utf-8"?><testsuites name="pytest tests"><testsuite name="pytest" errors="0" failures="0" skipped="0" tests="11" time="2.357" timestamp="2026-09-12T05:56:16.546507+00:00" hostname="agent-env-ed4df3d4-ae97-43b1-a5a1-aa26da6ce729"><testcase classname="tests.backend_test" name="test_init_idempotent" time="0.297" /><testcase classname="tests.backend_test" name="test_get_teacher_default" time="0.063" /><testcase classname="tests.backend_test" name="test_update_teacher" time="0.249" /><testcase classname="tests.backend_test" name="test_categories_default_13" time="0.063" /><testcase classname="tests.backend_test" name="test_category_crud" time="0.182" /><testcase classname="tests.backend_test" name="test_list_students" time="0.062" /><testcase classname="tests.backend_test" name="test_list_students_filter_kelas" time="0.062" /><testcase classname="tests.backend_test" name="test_student_crud_and_kelas_validation" time="0.368" /><testcase classname="tests.backend_test" name="test_grade_upsert_and_validation" time="0.490" /><testcase classname="tests.backend_test" name="test_list_grades_filter_kelas" time="0.123" /><testcase classname="tests.backend_test" name="test_stats" time="0.084" /></testsuite></testsuites>